<?xml version="1.0" encoding="UTF-8"?>
<testsuite name="I as a user want to book a ticket to travel to space" tests="1" skipped="0" failures="1" errors="0" timestamp="2022-12-13T13:51:06" hostname="LVALENCIA" time="0.306">
  <properties/>
  <testcase name="login in the pages" classname="I as a user want to book a ticket to travel to space" time="0.306">
    <failure message="java.lang.NullPointerException" type="java.lang.NullPointerException">java.lang.NullPointerException
	at net.serenitybdd.screenplay.actors.OnStage.theActorInTheSpotlight(OnStage.java:57)
	at stepsdefinitions.LoginStepsdefinition.luisOpenThePagesTheSpace(LoginStepsdefinition.java:28)
	at âœ½.Luis open the pages the space(src/test/resources/features/login.feature:5)
</failure>
  </testcase>
  <system-out><![CDATA[]]></system-out>
  <system-err><![CDATA[[Test worker] ERROR net.thucydides.core.steps.ConsoleLoggingListener - 
           __  _____ _____ ____ _____   _____ _    ___ _     _____ ____  
  _       / / |_   _| ____/ ___|_   _| |  ___/ \  |_ _| |   | ____|  _ \ 
 (_)_____| |    | | |  _| \___ \ | |   | |_ / _ \  | || |   |  _| | | | |
  _|_____| |    | | | |___ ___) || |   |  _/ ___ \ | || |___| |___| |_| |
 (_)     | |    |_| |_____|____/ |_|   |_|/_/   \_\___|_____|_____|____/ 
          \_\                                                            

TEST FAILED WITH ERROR: login in the pages
---------------------------------------------------------------------
[Test worker] ERROR net.thucydides.core.steps.ConsoleLoggingListener - TEST FAILED AT STEP Given Luis open the pages the space
[Test worker] ERROR net.thucydides.core.steps.ConsoleLoggingListener - 
]]></system-err>
</testsuite>
